<?xml version="1.0" encoding="UTF-8"?>
<testsuite name="com.damian.Blog2.Blog2ApplicationTests" tests="1" skipped="0" failures="0" errors="0" timestamp="2021-01-13T21:47:51" hostname="damian" time="0.199">
  <properties/>
  <testcase name="contextLoads()" classname="com.damian.Blog2.Blog2ApplicationTests" time="0.199"/>
  <system-out><![CDATA[22:47:50.073 [Test worker] DEBUG org.springframework.test.context.BootstrapUtils - Instantiating CacheAwareContextLoaderDelegate from class [org.springframework.test.context.cache.DefaultCacheAwareContextLoaderDelegate]
22:47:50.082 [Test worker] DEBUG org.springframework.test.context.BootstrapUtils - Instantiating BootstrapContext using constructor [public org.springframework.test.context.support.DefaultBootstrapContext(java.lang.Class,org.springframework.test.context.CacheAwareContextLoaderDelegate)]
22:47:50.105 [Test worker] DEBUG org.springframework.test.context.BootstrapUtils - Instantiating TestContextBootstrapper for test class [com.damian.Blog2.Blog2ApplicationTests] from class [org.springframework.boot.test.context.SpringBootTestContextBootstrapper]
22:47:50.111 [Test worker] INFO org.springframework.boot.test.context.SpringBootTestContextBootstrapper - Neither @ContextConfiguration nor @ContextHierarchy found for test class [com.damian.Blog2.Blog2ApplicationTests], using SpringBootContextLoader
22:47:50.114 [Test worker] DEBUG org.springframework.test.context.support.AbstractContextLoader - Did not detect default resource location for test class [com.damian.Blog2.Blog2ApplicationTests]: class path resource [com/damian/Blog2/Blog2ApplicationTests-context.xml] does not exist
22:47:50.114 [Test worker] DEBUG org.springframework.test.context.support.AbstractContextLoader - Did not detect default resource location for test class [com.damian.Blog2.Blog2ApplicationTests]: class path resource [com/damian/Blog2/Blog2ApplicationTestsContext.groovy] does not exist
22:47:50.115 [Test worker] INFO org.springframework.test.context.support.AbstractContextLoader - Could not detect default resource locations for test class [com.damian.Blog2.Blog2ApplicationTests]: no resource found for suffixes {-context.xml, Context.groovy}.
22:47:50.115 [Test worker] INFO org.springframework.test.context.support.AnnotationConfigContextLoaderUtils - Could not detect default configuration classes for test class [com.damian.Blog2.Blog2ApplicationTests]: Blog2ApplicationTests does not declare any static, non-private, non-final, nested classes annotated with @Configuration.
22:47:50.139 [Test worker] DEBUG org.springframework.test.context.support.ActiveProfilesUtils - Could not find an 'annotation declaring class' for annotation type [org.springframework.test.context.ActiveProfiles] and class [com.damian.Blog2.Blog2ApplicationTests]
22:47:50.173 [Test worker] DEBUG org.springframework.context.annotation.ClassPathScanningCandidateComponentProvider - Identified candidate component class: file [/home/damain/UG/SEM5/JavaEE/Projekt Blog/projekt-2-java-ee/Blog2/build/classes/java/main/com/damian/Blog2/Blog2Application.class]
22:47:50.174 [Test worker] INFO org.springframework.boot.test.context.SpringBootTestContextBootstrapper - Found @SpringBootConfiguration com.damian.Blog2.Blog2Application for test class com.damian.Blog2.Blog2ApplicationTests
22:47:50.226 [Test worker] DEBUG org.springframework.boot.test.context.SpringBootTestContextBootstrapper - @TestExecutionListeners is not present for class [com.damian.Blog2.Blog2ApplicationTests]: using defaults.
22:47:50.227 [Test worker] INFO org.springframework.boot.test.context.SpringBootTestContextBootstrapper - Loaded default TestExecutionListener class names from location [META-INF/spring.factories]: [org.springframework.boot.test.autoconfigure.restdocs.RestDocsTestExecutionListener, org.springframework.boot.test.autoconfigure.web.client.MockRestServiceServerResetTestExecutionListener, org.springframework.boot.test.autoconfigure.web.servlet.MockMvcPrintOnlyOnFailureTestExecutionListener, org.springframework.boot.test.autoconfigure.web.servlet.WebDriverTestExecutionListener, org.springframework.boot.test.autoconfigure.webservices.client.MockWebServiceServerTestExecutionListener, org.springframework.boot.test.mock.mockito.MockitoTestExecutionListener, org.springframework.boot.test.mock.mockito.ResetMocksTestExecutionListener, org.springframework.test.context.web.ServletTestExecutionListener, org.springframework.test.context.support.DirtiesContextBeforeModesTestExecutionListener, org.springframework.test.context.support.DependencyInjectionTestExecutionListener, org.springframework.test.context.support.DirtiesContextTestExecutionListener, org.springframework.test.context.transaction.TransactionalTestExecutionListener, org.springframework.test.context.jdbc.SqlScriptsTestExecutionListener, org.springframework.test.context.event.EventPublishingTestExecutionListener]
22:47:50.235 [Test worker] INFO org.springframework.boot.test.context.SpringBootTestContextBootstrapper - Using TestExecutionListeners: [org.springframework.test.context.web.ServletTestExecutionListener@7ecb47f, org.springframework.test.context.support.DirtiesContextBeforeModesTestExecutionListener@58632cb0, org.springframework.boot.test.mock.mockito.MockitoTestExecutionListener@1f725672, org.springframework.boot.test.autoconfigure.SpringBootDependencyInjectionTestExecutionListener@215fdab8, org.springframework.test.context.support.DirtiesContextTestExecutionListener@43f2dda0, org.springframework.test.context.transaction.TransactionalTestExecutionListener@2b56fc2, org.springframework.test.context.jdbc.SqlScriptsTestExecutionListener@f797820, org.springframework.test.context.event.EventPublishingTestExecutionListener@502cf96d, org.springframework.boot.test.autoconfigure.restdocs.RestDocsTestExecutionListener@5663115, org.springframework.boot.test.autoconfigure.web.client.MockRestServiceServerResetTestExecutionListener@2c848504, org.springframework.boot.test.autoconfigure.web.servlet.MockMvcPrintOnlyOnFailureTestExecutionListener@687840cc, org.springframework.boot.test.autoconfigure.web.servlet.WebDriverTestExecutionListener@5fa83b3f, org.springframework.boot.test.autoconfigure.webservices.client.MockWebServiceServerTestExecutionListener@6b724746, org.springframework.boot.test.mock.mockito.ResetMocksTestExecutionListener@63d64389]
22:47:50.237 [Test worker] DEBUG org.springframework.test.context.support.AbstractDirtiesContextTestExecutionListener - Before test class: context [DefaultTestContext@75194755 testClass = Blog2ApplicationTests, testInstance = [null], testMethod = [null], testException = [null], mergedContextConfiguration = [WebMergedContextConfiguration@17625148 testClass = Blog2ApplicationTests, locations = '{}', classes = '{class com.damian.Blog2.Blog2Application}', contextInitializerClasses = '[]', activeProfiles = '{}', propertySourceLocations = '{}', propertySourceProperties = '{org.springframework.boot.test.context.SpringBootTestContextBootstrapper=true}', contextCustomizers = set[org.springframework.boot.test.autoconfigure.actuate.metrics.MetricsExportContextCustomizerFactory$DisableMetricExportContextCustomizer@304e0519, org.springframework.boot.test.autoconfigure.properties.PropertyMappingContextCustomizer@0, org.springframework.boot.test.autoconfigure.web.servlet.WebDriverContextCustomizerFactory$Customizer@5c45055a, org.springframework.boot.test.context.filter.ExcludeFilterContextCustomizer@32f00682, org.springframework.boot.test.json.DuplicateJsonObjectContextCustomizerFactory$DuplicateJsonObjectContextCustomizer@13bc9cbb, org.springframework.boot.test.mock.mockito.MockitoContextCustomizer@0, org.springframework.boot.test.web.client.TestRestTemplateContextCustomizer@5a92b9f9, org.springframework.boot.test.context.SpringBootTestArgs@1, org.springframework.boot.test.context.SpringBootTestWebEnvironment@743cecba], resourceBasePath = 'src/main/webapp', contextLoader = 'org.springframework.boot.test.context.SpringBootContextLoader', parent = [null]], attributes = map['org.springframework.test.context.web.ServletTestExecutionListener.activateListener' -> true]], class annotated with @DirtiesContext [false] with mode [null].
22:47:50.257 [Test worker] DEBUG org.springframework.test.context.support.TestPropertySourceUtils - Adding inlined properties to environment: {spring.jmx.enabled=false, org.springframework.boot.test.context.SpringBootTestContextBootstrapper=true}

  .   ____          _            __ _ _
 /\\ / ___'_ __ _ _(_)_ __  __ _ \ \ \ \
( ( )\___ | '_ | '_| | '_ \/ _` | \ \ \ \
 \\/  ___)| |_)| | | | | || (_| |  ) ) ) )
  '  |____| .__|_| |_|_| |_\__, | / / / /
 =========|_|==============|___/=/_/_/_/
 :: Spring Boot ::                (v2.4.1)

2021-01-13 22:47:50.399  INFO 37604 --- [    Test worker] com.damian.Blog2.Blog2ApplicationTests   : Starting Blog2ApplicationTests using Java 15.0.1 on damian with PID 37604 (started by damain in /home/damain/UG/SEM5/JavaEE/Projekt Blog/projekt-2-java-ee/Blog2)
2021-01-13 22:47:50.402  INFO 37604 --- [    Test worker] com.damian.Blog2.Blog2ApplicationTests   : No active profile set, falling back to default profiles: default
2021-01-13 22:47:51.173  INFO 37604 --- [    Test worker] o.s.s.concurrent.ThreadPoolTaskExecutor  : Initializing ExecutorService 'applicationTaskExecutor'
2021-01-13 22:47:51.369  INFO 37604 --- [    Test worker] com.damian.Blog2.Blog2ApplicationTests   : Started Blog2ApplicationTests in 1.109 seconds (JVM running for 1.767)
]]></system-out>
  <system-err><![CDATA[]]></system-err>
</testsuite>
